- Nikto v2.1.6
---------------------------------------------------------------------------
+ Target IP:          172.18.1.68
+ Target Hostname:    172.18.1.68
+ Target Port:        80
+ Start Time:         2020-10-11 12:03:35 (GMT-3)
---------------------------------------------------------------------------
+ Server: Apache/2.4.7 (Ubuntu)
+ The anti-clickjacking X-Frame-Options header is not present.
+ The X-XSS-Protection header is not defined. This header can hint to the user agent to protect against some forms of XSS
+ The X-Content-Type-Options header is not set. This could allow the user agent to render the content of the site in a different fashion to the MIME type
+ OSVDB-3268: /: Directory indexing found.
+ No CGI Directories found (use '-C all' to force check all possible dirs)
+ Apache/2.4.7 appears to be outdated (current is at least Apache/2.4.37). Apache 2.2.34 is the EOL for the 2.x branch.
+ Allowed HTTP Methods: GET, HEAD, POST, OPTIONS 
+ OSVDB-3268: /./: Directory indexing found.
+ /./: Appending '/./' to a directory allows indexing
+ OSVDB-3268: //: Directory indexing found.
+ //: Apache on Red Hat Linux release 9 reveals the root directory listing by default if there is no index page.
+ OSVDB-3268: /%2e/: Directory indexing found.
+ OSVDB-576: /%2e/: Weblogic allows source code or directory listing, upgrade to v6.0 SP1 or higher. http://www.securityfocus.com/bid/2513.
+ OSVDB-3268: ///: Directory indexing found.
+ OSVDB-119: /?PageServices: The remote server may allow directory listings through Web Publisher by forcing the server to show all files via 'open directory browsing'. Web Publisher should be disabled. http://cve.mitre.org/cgi-bin/cvename.cgi?name=CVE-1999-0269.
+ OSVDB-119: /?wp-cs-dump: The remote server may allow directory listings through Web Publisher by forcing the server to show all files via 'open directory browsing'. Web Publisher should be disabled. http://cve.mitre.org/cgi-bin/cvename.cgi?name=CVE-1999-0269.
+ OSVDB-3268: ///////////////////////////////////////////////////////////////////////////////////////////////////////////////////////////////////////////////////////////////////////////////////////////////////////////////////////////////////////////////////////////////: Directory indexing found.
+ OSVDB-3288: ///////////////////////////////////////////////////////////////////////////////////////////////////////////////////////////////////////////////////////////////////////////////////////////////////////////////////////////////////////////////////////////////: Abyss 1.03 reveals directory listing when 	 /'s are requested.
+ OSVDB-3233: /icons/README: Apache default file found.
+ 7915 requests: 0 error(s) and 18 item(s) reported on remote host
+ End Time:           2020-10-11 12:04:18 (GMT-3) (43 seconds)
---------------------------------------------------------------------------
+ 1 host(s) tested
