- Nikto v2.1.6
---------------------------------------------------------------------------
+ Target IP:          172.18.1.68
+ Target Hostname:    172.18.1.68
+ Target Port:        80
+ Start Time:         2020-10-11 12:07:38 (GMT-3)
---------------------------------------------------------------------------
+ Server: Apache/2.4.7 (Ubuntu)
+ Retrieved x-powered-by header: PHP/5.5.9-1ubuntu4.14
+ The anti-clickjacking X-Frame-Options header is not present.
+ The X-XSS-Protection header is not defined. This header can hint to the user agent to protect against some forms of XSS
+ The X-Content-Type-Options header is not set. This could allow the user agent to render the content of the site in a different fashion to the MIME type
+ No CGI Directories found (use '-C all' to force check all possible dirs)
+ Apache/2.4.7 appears to be outdated (current is at least Apache/2.4.37). Apache 2.2.34 is the EOL for the 2.x branch.
+ Allowed HTTP Methods: GET, HEAD, POST, OPTIONS 
+ Web Server returns a valid response with junk HTTP methods, this may cause false positives.
+ /nasa/wp-content/plugins/akismet/readme.txt: The WordPress Akismet plugin 'Tested up to' version usually matches the WordPress version
+ /nasa/wp-links-opml.php: This WordPress script reveals the installed version.
+ OSVDB-3092: /nasa/license.txt: License file found may identify site software.
+ /nasa/: A Wordpress installation was found.
+ Cookie wordpress_test_cookie created without the httponly flag
+ OSVDB-3268: /nasa/wp-content/uploads/: Directory indexing found.
+ /nasa/wp-content/uploads/: Wordpress uploads directory is browsable. This may reveal sensitive information
+ /nasa/wp-login.php: Wordpress login found
+ 7915 requests: 0 error(s) and 15 item(s) reported on remote host
+ End Time:           2020-10-11 12:08:26 (GMT-3) (48 seconds)
---------------------------------------------------------------------------
+ 1 host(s) tested
